D:\Valenti\2019\ZEP\Octombrie 2019\11.10 1008023.csv
{'GAUCHO-SOFT WEISS': 29.369999999999997, 'KORK-PU-S NATUR': 19.2, 'SURI-S NUSS': 2.324, 'FROTTEE OFFWHITE': 156.95999999999998, 'DELIKA OFFWHITE': 28.08, 'HEELGRIP OFFWHITE': 32.16, 'CAPAMA 103': 2.9779999999999998, 'PU-SCHAUM 6 ANTHRAZIT': 18.96, 'WILHELM SCHAUM 4 OFFWHITE': 10.32, 'IBITECH 57 STROBELSTOFF': 58.800000000000004, 'Y-012-0_12 SILBER HOCHGLANZ': 4800.0, 'YL-264 NEW SILBER': 480.0, 'RX-76_12_105 OFFWHITE_BLAU': 240.0, 'SERAFIL 1000-30': 21480.0, 'SERAFIL 1000-60': 2244.0, 'SERAFIL 0287-30': 1200.0, 'SERAFIL 0287-60': 528.0, 'SERAFIL 1224-30': 360.0, 'SERAFIL 2000-60': 4926.0, 'SAMTCHEVRO BLAU': 14.41, 'DAYTONAKID BLAU': 20.57, 'CRUNCHLACK-S NAVY': 9.96, 'AIRTEX KIESEL': 22.08, 'HEELGRIP KIESEL': 5.28, 'RX-73_20 BLAU_SILBER_ROT': 21.6, '17437_70 00024': 38.4, 'SERAFIL 0821-30': 10020.0, 'SERAFIL 0821-60': 5130.0, 'SERAFIL 0414-60': 780.0, 'SERAFIL 0770-60': 636.0, 'SERAFIL 0265-60': 108.0, 'WOVENSTRETCH-S BLAU': 840.0, 'DUSTYCALF BLAU': 61.93, 'CROMATO-S SILBER': 6.300000000000001, 'JAGER': 20.604, 'YL-310 SILBER': 1680.0, 'RX-14_15_090 BLAU': 840.0, 'SERAFIL 1358-30': 420.0, 'SERAFIL 1358-60': 1302.0, 'WOVENSTRETCH-S SCHWARZ-SCHWARZ-METALLIC': 360.0, 'CRUNCHLACK-S SCHWARZ': 27.032, 'YL-310 SCHWARZ LACK': 720.0, 'RX-55_15_090 SCHWARZ-METALLIC': 360.0, 'SERAFIL 4000-30': 3042.0, 'SERAFIL 4000-60': 1638.0} 

GAUCHO-SOFT WEISS: 276.77 + 29.369999999999997 = 306.14 :: Success !
KORK-PU-S NATUR: 182.4 + 19.2 = 201.6 :: Success !
SURI-S NUSS: 22.04 + 2.324 = 24.36 :: Success !
FROTTEE OFFWHITE: 768.06 + 156.95999999999998 = 925.02 :: Success !
DELIKA OFFWHITE: 276.37 + 28.08 = 304.45 :: Success !
HEELGRIP OFFWHITE: 274.3 + 32.16 = 306.46000000000004 :: Success !
CAPAMA 103: 82.75 + 2.9779999999999998 = 85.73 :: Success !
PU-SCHAUM 6 ANTHRAZIT: 142.56 + 18.96 = 161.52 :: Success !
WILHELM SCHAUM 4 OFFWHITE: 70.32 + 10.32 = 80.63999999999999 :: Success !
IBITECH 57 STROBELSTOFF: 635.09 + 58.800000000000004 = 693.89 :: Success !
Y-012-0_12 SILBER HOCHGLANZ: 45600.0 + 4800.0 = 50400.0 :: Success !
YL-264 NEW SILBER: 4560.0 + 480.0 = 5040.0 :: Success !

Exception in Tkinter callback
Traceback (most recent call last):
  File "C:\Python37-32\lib\tkinter\__init__.py", line 1705, in __call__
    return self.func(*args)
  File "scrie_automat_in_fm.py", line 122, in program
    scrie_in_fila(k)
  File "scrie_automat_in_fm.py", line 92, in scrie_in_fila
    with open(fila, 'r+') as f:

PermissionError: [Errno 13] Permission denied: 'D:\\Valenti\\2019\\Fise_Magazie\\RX-76_12_105 OFFWHITE_BLAU.csv'
================================
Primul rand de sus sa apara la sfarsit pentru a vedea data
De asemenea sa se puna data intr-un format COPY/PASTE